C:\USERS\NGUYENVIETNAMSON\DESKTOP\POINTER NC\CON TRO NANG CAO\PROJECT5\DEBUG\SOURCE.OBJ
C:\USERS\NGUYENVIETNAMSON\DESKTOP\POINTER NC\CON TRO NANG CAO\PROJECT5\DEBUG\VC110.PDB
C:\USERS\NGUYENVIETNAMSON\DESKTOP\POINTER NC\CON TRO NANG CAO\DEBUG\PROJECT5.ILK
C:\USERS\NGUYENVIETNAMSON\DESKTOP\POINTER NC\CON TRO NANG CAO\DEBUG\PROJECT5.EXE
C:\USERS\NGUYENVIETNAMSON\DESKTOP\POINTER NC\CON TRO NANG CAO\DEBUG\PROJECT5.PDB
C:\Users\nguyenvietnamson\Desktop\Pointer NC\CON TRO NANG CAO\Project5\Debug\Source.obj
C:\Users\nguyenvietnamson\Desktop\Pointer NC\CON TRO NANG CAO\Project5\Debug\cl.command.1.tlog
C:\Users\nguyenvietnamson\Desktop\Pointer NC\CON TRO NANG CAO\Project5\Debug\CL.read.1.tlog
C:\Users\nguyenvietnamson\Desktop\Pointer NC\CON TRO NANG CAO\Project5\Debug\CL.write.1.tlog
C:\Users\nguyenvietnamson\Desktop\Pointer NC\CON TRO NANG CAO\Project5\Debug\link-cvtres.read.1.tlog
C:\Users\nguyenvietnamson\Desktop\Pointer NC\CON TRO NANG CAO\Project5\Debug\link-cvtres.write.1.tlog
C:\Users\nguyenvietnamson\Desktop\Pointer NC\CON TRO NANG CAO\Project5\Debug\link-rc.read.1.tlog
C:\Users\nguyenvietnamson\Desktop\Pointer NC\CON TRO NANG CAO\Project5\Debug\link-rc.write.1.tlog
C:\Users\nguyenvietnamson\Desktop\Pointer NC\CON TRO NANG CAO\Project5\Debug\link.command.1.tlog
C:\Users\nguyenvietnamson\Desktop\Pointer NC\CON TRO NANG CAO\Project5\Debug\link.read.1.tlog
C:\Users\nguyenvietnamson\Desktop\Pointer NC\CON TRO NANG CAO\Project5\Debug\link.write.1.tlog
C:\Users\nguyenvietnamson\Desktop\Pointer NC\CON TRO NANG CAO\Project5\Debug\vc110.idb
C:\Users\nguyenvietnamson\Desktop\Pointer NC\CON TRO NANG CAO\Project5\Debug\vc110.pdb
C:\Users\nguyenvietnamson\Desktop\Pointer NC\CON TRO NANG CAO\Debug\Project5.pdb
C:\Users\nguyenvietnamson\Desktop\Pointer NC\CON TRO NANG CAO\Debug\Project5.exe
C:\Users\nguyenvietnamson\Desktop\Pointer NC\CON TRO NANG CAO\Debug\Project5.ilk
