C:\USERS\NGUYENVIETNAMSON\DESKTOP\POINTER NC\CON TRO NANG CAO\PROJECT4\DEBUG\SOURCE.OBJ
C:\USERS\NGUYENVIETNAMSON\DESKTOP\POINTER NC\CON TRO NANG CAO\PROJECT4\DEBUG\VC110.PDB
C:\USERS\NGUYENVIETNAMSON\DESKTOP\POINTER NC\CON TRO NANG CAO\DEBUG\PROJECT4.ILK
C:\USERS\NGUYENVIETNAMSON\DESKTOP\POINTER NC\CON TRO NANG CAO\DEBUG\PROJECT4.EXE
C:\USERS\NGUYENVIETNAMSON\DESKTOP\POINTER NC\CON TRO NANG CAO\DEBUG\PROJECT4.PDB
C:\Users\nguyenvietnamson\Desktop\Pointer NC\CON TRO NANG CAO\Project4\Debug\Source.obj
C:\Users\nguyenvietnamson\Desktop\Pointer NC\CON TRO NANG CAO\Project4\Debug\cl.command.1.tlog
C:\Users\nguyenvietnamson\Desktop\Pointer NC\CON TRO NANG CAO\Project4\Debug\CL.read.1.tlog
C:\Users\nguyenvietnamson\Desktop\Pointer NC\CON TRO NANG CAO\Project4\Debug\CL.write.1.tlog
C:\Users\nguyenvietnamson\Desktop\Pointer NC\CON TRO NANG CAO\Project4\Debug\link-cvtres.read.1.tlog
C:\Users\nguyenvietnamson\Desktop\Pointer NC\CON TRO NANG CAO\Project4\Debug\link-cvtres.write.1.tlog
C:\Users\nguyenvietnamson\Desktop\Pointer NC\CON TRO NANG CAO\Project4\Debug\link-rc.read.1.tlog
C:\Users\nguyenvietnamson\Desktop\Pointer NC\CON TRO NANG CAO\Project4\Debug\link-rc.write.1.tlog
C:\Users\nguyenvietnamson\Desktop\Pointer NC\CON TRO NANG CAO\Project4\Debug\link.command.1.tlog
C:\Users\nguyenvietnamson\Desktop\Pointer NC\CON TRO NANG CAO\Project4\Debug\link.read.1.tlog
C:\Users\nguyenvietnamson\Desktop\Pointer NC\CON TRO NANG CAO\Project4\Debug\link.write.1.tlog
C:\Users\nguyenvietnamson\Desktop\Pointer NC\CON TRO NANG CAO\Project4\Debug\vc110.idb
C:\Users\nguyenvietnamson\Desktop\Pointer NC\CON TRO NANG CAO\Project4\Debug\vc110.pdb
C:\Users\nguyenvietnamson\Desktop\Pointer NC\CON TRO NANG CAO\Debug\Project4.pdb
C:\Users\nguyenvietnamson\Desktop\Pointer NC\CON TRO NANG CAO\Debug\Project4.exe
C:\Users\nguyenvietnamson\Desktop\Pointer NC\CON TRO NANG CAO\Debug\Project4.ilk
