C:\USERS\NGUYENVIETNAMSON\DESKTOP\POINTER NC\CON TRO NANG CAO\PROJECT11\DEBUG\SOURCE.OBJ
C:\USERS\NGUYENVIETNAMSON\DESKTOP\POINTER NC\CON TRO NANG CAO\PROJECT11\DEBUG\VC110.PDB
C:\USERS\NGUYENVIETNAMSON\DESKTOP\POINTER NC\CON TRO NANG CAO\DEBUG\PROJECT11.ILK
C:\USERS\NGUYENVIETNAMSON\DESKTOP\POINTER NC\CON TRO NANG CAO\DEBUG\PROJECT11.EXE
C:\USERS\NGUYENVIETNAMSON\DESKTOP\POINTER NC\CON TRO NANG CAO\DEBUG\PROJECT11.PDB
C:\Users\nguyenvietnamson\Desktop\Pointer NC\CON TRO NANG CAO\Project11\Debug\Source.obj
C:\Users\nguyenvietnamson\Desktop\Pointer NC\CON TRO NANG CAO\Project11\Debug\cl.command.1.tlog
C:\Users\nguyenvietnamson\Desktop\Pointer NC\CON TRO NANG CAO\Project11\Debug\CL.read.1.tlog
C:\Users\nguyenvietnamson\Desktop\Pointer NC\CON TRO NANG CAO\Project11\Debug\CL.write.1.tlog
C:\Users\nguyenvietnamson\Desktop\Pointer NC\CON TRO NANG CAO\Project11\Debug\link-cvtres.read.1.tlog
C:\Users\nguyenvietnamson\Desktop\Pointer NC\CON TRO NANG CAO\Project11\Debug\link-cvtres.write.1.tlog
C:\Users\nguyenvietnamson\Desktop\Pointer NC\CON TRO NANG CAO\Project11\Debug\link-rc.read.1.tlog
C:\Users\nguyenvietnamson\Desktop\Pointer NC\CON TRO NANG CAO\Project11\Debug\link-rc.write.1.tlog
C:\Users\nguyenvietnamson\Desktop\Pointer NC\CON TRO NANG CAO\Project11\Debug\link.command.1.tlog
C:\Users\nguyenvietnamson\Desktop\Pointer NC\CON TRO NANG CAO\Project11\Debug\link.read.1.tlog
C:\Users\nguyenvietnamson\Desktop\Pointer NC\CON TRO NANG CAO\Project11\Debug\link.write.1.tlog
C:\Users\nguyenvietnamson\Desktop\Pointer NC\CON TRO NANG CAO\Project11\Debug\vc110.idb
C:\Users\nguyenvietnamson\Desktop\Pointer NC\CON TRO NANG CAO\Project11\Debug\vc110.pdb
C:\Users\nguyenvietnamson\Desktop\Pointer NC\CON TRO NANG CAO\Debug\Project11.pdb
C:\Users\nguyenvietnamson\Desktop\Pointer NC\CON TRO NANG CAO\Debug\Project11.exe
C:\Users\nguyenvietnamson\Desktop\Pointer NC\CON TRO NANG CAO\Debug\Project11.ilk
