C:\USERS\NGUYENVIETNAMSON\DESKTOP\POINTER NC\CON TRO NANG CAO\PROJECT8\DEBUG\SOURCE.OBJ
C:\USERS\NGUYENVIETNAMSON\DESKTOP\POINTER NC\CON TRO NANG CAO\PROJECT8\DEBUG\VC110.PDB
C:\USERS\NGUYENVIETNAMSON\DESKTOP\POINTER NC\CON TRO NANG CAO\DEBUG\PROJECT8.ILK
C:\USERS\NGUYENVIETNAMSON\DESKTOP\POINTER NC\CON TRO NANG CAO\DEBUG\PROJECT8.EXE
C:\USERS\NGUYENVIETNAMSON\DESKTOP\POINTER NC\CON TRO NANG CAO\DEBUG\PROJECT8.PDB
C:\Users\nguyenvietnamson\Desktop\Pointer NC\CON TRO NANG CAO\Project8\Debug\Source.obj
C:\Users\nguyenvietnamson\Desktop\Pointer NC\CON TRO NANG CAO\Project8\Debug\cl.command.1.tlog
C:\Users\nguyenvietnamson\Desktop\Pointer NC\CON TRO NANG CAO\Project8\Debug\CL.read.1.tlog
C:\Users\nguyenvietnamson\Desktop\Pointer NC\CON TRO NANG CAO\Project8\Debug\CL.write.1.tlog
C:\Users\nguyenvietnamson\Desktop\Pointer NC\CON TRO NANG CAO\Project8\Debug\link-cvtres.read.1.tlog
C:\Users\nguyenvietnamson\Desktop\Pointer NC\CON TRO NANG CAO\Project8\Debug\link-cvtres.write.1.tlog
C:\Users\nguyenvietnamson\Desktop\Pointer NC\CON TRO NANG CAO\Project8\Debug\link-rc.read.1.tlog
C:\Users\nguyenvietnamson\Desktop\Pointer NC\CON TRO NANG CAO\Project8\Debug\link-rc.write.1.tlog
C:\Users\nguyenvietnamson\Desktop\Pointer NC\CON TRO NANG CAO\Project8\Debug\link.command.1.tlog
C:\Users\nguyenvietnamson\Desktop\Pointer NC\CON TRO NANG CAO\Project8\Debug\link.read.1.tlog
C:\Users\nguyenvietnamson\Desktop\Pointer NC\CON TRO NANG CAO\Project8\Debug\link.write.1.tlog
C:\Users\nguyenvietnamson\Desktop\Pointer NC\CON TRO NANG CAO\Project8\Debug\vc110.idb
C:\Users\nguyenvietnamson\Desktop\Pointer NC\CON TRO NANG CAO\Project8\Debug\vc110.pdb
C:\Users\nguyenvietnamson\Desktop\Pointer NC\CON TRO NANG CAO\Debug\Project8.pdb
C:\Users\nguyenvietnamson\Desktop\Pointer NC\CON TRO NANG CAO\Debug\Project8.exe
C:\Users\nguyenvietnamson\Desktop\Pointer NC\CON TRO NANG CAO\Debug\Project8.ilk
