C:\USERS\NGUYENVIETNAMSON\DESKTOP\POINTER NC\CON TRO NANG CAO\PROJECT6\DEBUG\SOURCE.OBJ
C:\USERS\NGUYENVIETNAMSON\DESKTOP\POINTER NC\CON TRO NANG CAO\PROJECT6\DEBUG\VC110.PDB
C:\USERS\NGUYENVIETNAMSON\DESKTOP\POINTER NC\CON TRO NANG CAO\DEBUG\PROJECT6.ILK
C:\USERS\NGUYENVIETNAMSON\DESKTOP\POINTER NC\CON TRO NANG CAO\DEBUG\PROJECT6.EXE
C:\USERS\NGUYENVIETNAMSON\DESKTOP\POINTER NC\CON TRO NANG CAO\DEBUG\PROJECT6.PDB
C:\Users\nguyenvietnamson\Desktop\Pointer NC\CON TRO NANG CAO\Project6\Debug\Source.obj
C:\Users\nguyenvietnamson\Desktop\Pointer NC\CON TRO NANG CAO\Project6\Debug\cl.command.1.tlog
C:\Users\nguyenvietnamson\Desktop\Pointer NC\CON TRO NANG CAO\Project6\Debug\CL.read.1.tlog
C:\Users\nguyenvietnamson\Desktop\Pointer NC\CON TRO NANG CAO\Project6\Debug\CL.write.1.tlog
C:\Users\nguyenvietnamson\Desktop\Pointer NC\CON TRO NANG CAO\Project6\Debug\link-cvtres.read.1.tlog
C:\Users\nguyenvietnamson\Desktop\Pointer NC\CON TRO NANG CAO\Project6\Debug\link-cvtres.write.1.tlog
C:\Users\nguyenvietnamson\Desktop\Pointer NC\CON TRO NANG CAO\Project6\Debug\link-rc.read.1.tlog
C:\Users\nguyenvietnamson\Desktop\Pointer NC\CON TRO NANG CAO\Project6\Debug\link-rc.write.1.tlog
C:\Users\nguyenvietnamson\Desktop\Pointer NC\CON TRO NANG CAO\Project6\Debug\link.command.1.tlog
C:\Users\nguyenvietnamson\Desktop\Pointer NC\CON TRO NANG CAO\Project6\Debug\link.read.1.tlog
C:\Users\nguyenvietnamson\Desktop\Pointer NC\CON TRO NANG CAO\Project6\Debug\link.write.1.tlog
C:\Users\nguyenvietnamson\Desktop\Pointer NC\CON TRO NANG CAO\Project6\Debug\vc110.idb
C:\Users\nguyenvietnamson\Desktop\Pointer NC\CON TRO NANG CAO\Project6\Debug\vc110.pdb
C:\Users\nguyenvietnamson\Desktop\Pointer NC\CON TRO NANG CAO\Debug\Project6.pdb
C:\Users\nguyenvietnamson\Desktop\Pointer NC\CON TRO NANG CAO\Debug\Project6.exe
C:\Users\nguyenvietnamson\Desktop\Pointer NC\CON TRO NANG CAO\Debug\Project6.ilk
